{"/Users/sihwan/Documents/WORKS/OptimizeTeam/Devs/server-side/mainapp_original/src/app.ts": {"path":"/Users/sihwan/Documents/WORKS/OptimizeTeam/Devs/server-side/mainapp_original/src/app.ts","statementMap":{"0":{"start":{"line":1,"column":0},"end":{"line":1,"column":23}},"1":{"start":{"line":2,"column":0},"end":{"line":2,"column":29}},"2":{"start":{"line":3,"column":0},"end":{"line":3,"column":37}},"3":{"start":{"line":4,"column":0},"end":{"line":4,"column":33}},"4":{"start":{"line":5,"column":0},"end":{"line":5,"column":36}},"5":{"start":{"line":6,"column":0},"end":{"line":6,"column":31}},"6":{"start":{"line":7,"column":0},"end":{"line":7,"column":48}},"7":{"start":{"line":8,"column":0},"end":{"line":8,"column":27}},"8":{"start":{"line":9,"column":0},"end":{"line":9,"column":37}},"9":{"start":{"line":10,"column":0},"end":{"line":10,"column":25}},"10":{"start":{"line":11,"column":0},"end":{"line":11,"column":27}},"11":{"start":{"line":13,"column":0},"end":{"line":13,"column":31}},"12":{"start":{"line":14,"column":0},"end":{"line":14,"column":33}},"13":{"start":{"line":15,"column":0},"end":{"line":15,"column":31}},"14":{"start":{"line":17,"column":19},"end":{"line":17,"column":33}},"15":{"start":{"line":20,"column":0},"end":{"line":20,"column":40}},"16":{"start":{"line":23,"column":0},"end":{"line":23,"column":52}},"17":{"start":{"line":24,"column":0},"end":{"line":24,"column":52}},"18":{"start":{"line":25,"column":0},"end":{"line":25,"column":50}},"19":{"start":{"line":26,"column":0},"end":{"line":26,"column":58}},"20":{"start":{"line":30,"column":0},"end":{"line":30,"column":51}},"21":{"start":{"line":33,"column":12},"end":{"line":33,"column":21}},"22":{"start":{"line":36,"column":17},"end":{"line":36,"column":41}},"23":{"start":{"line":37,"column":6},"end":{"line":37,"column":35}},"24":{"start":{"line":38,"column":0},"end":{"line":43,"column":3}},"25":{"start":{"line":41,"column":2},"end":{"line":41,"column":87}},"26":{"start":{"line":46,"column":0},"end":{"line":46,"column":42}},"27":{"start":{"line":47,"column":0},"end":{"line":47,"column":51}},"28":{"start":{"line":48,"column":0},"end":{"line":48,"column":30}},"29":{"start":{"line":49,"column":0},"end":{"line":49,"column":23}},"30":{"start":{"line":50,"column":0},"end":{"line":50,"column":23}},"31":{"start":{"line":51,"column":0},"end":{"line":51,"column":27}},"32":{"start":{"line":52,"column":0},"end":{"line":52,"column":51}},"33":{"start":{"line":53,"column":0},"end":{"line":53,"column":28}},"34":{"start":{"line":54,"column":0},"end":{"line":62,"column":4}},"35":{"start":{"line":63,"column":0},"end":{"line":63,"column":31}},"36":{"start":{"line":64,"column":0},"end":{"line":64,"column":28}},"37":{"start":{"line":65,"column":0},"end":{"line":65,"column":17}},"38":{"start":{"line":66,"column":0},"end":{"line":66,"column":36}},"39":{"start":{"line":67,"column":0},"end":{"line":67,"column":35}},"40":{"start":{"line":68,"column":0},"end":{"line":71,"column":3}},"41":{"start":{"line":69,"column":2},"end":{"line":69,"column":29}},"42":{"start":{"line":70,"column":2},"end":{"line":70,"column":9}},"43":{"start":{"line":72,"column":0},"end":{"line":85,"column":3}},"44":{"start":{"line":74,"column":2},"end":{"line":83,"column":3}},"45":{"start":{"line":79,"column":4},"end":{"line":79,"column":36}},"46":{"start":{"line":80,"column":9},"end":{"line":83,"column":3}},"47":{"start":{"line":82,"column":4},"end":{"line":82,"column":36}},"48":{"start":{"line":84,"column":2},"end":{"line":84,"column":9}},"49":{"start":{"line":87,"column":0},"end":{"line":89,"column":2}},"50":{"start":{"line":94,"column":0},"end":{"line":94,"column":35}},"51":{"start":{"line":95,"column":0},"end":{"line":95,"column":43}},"52":{"start":{"line":96,"column":0},"end":{"line":96,"column":45}},"53":{"start":{"line":97,"column":0},"end":{"line":97,"column":42}},"54":{"start":{"line":98,"column":0},"end":{"line":98,"column":45}},"55":{"start":{"line":99,"column":0},"end":{"line":99,"column":47}},"56":{"start":{"line":100,"column":0},"end":{"line":100,"column":50}},"57":{"start":{"line":101,"column":0},"end":{"line":101,"column":52}},"58":{"start":{"line":102,"column":0},"end":{"line":102,"column":45}},"59":{"start":{"line":103,"column":0},"end":{"line":103,"column":47}},"60":{"start":{"line":104,"column":0},"end":{"line":104,"column":50}},"61":{"start":{"line":105,"column":0},"end":{"line":105,"column":52}},"62":{"start":{"line":106,"column":0},"end":{"line":106,"column":79}},"63":{"start":{"line":107,"column":0},"end":{"line":107,"column":95}},"64":{"start":{"line":108,"column":0},"end":{"line":108,"column":97}},"65":{"start":{"line":109,"column":0},"end":{"line":109,"column":94}},"66":{"start":{"line":110,"column":0},"end":{"line":110,"column":100}},"67":{"start":{"line":115,"column":0},"end":{"line":115,"column":38}},"68":{"start":{"line":116,"column":0},"end":{"line":116,"column":113}},"69":{"start":{"line":121,"column":0},"end":{"line":121,"column":101}},"70":{"start":{"line":122,"column":0},"end":{"line":124,"column":3}},"71":{"start":{"line":123,"column":2},"end":{"line":123,"column":44}},"72":{"start":{"line":126,"column":0},"end":{"line":126,"column":19}}},"fnMap":{"0":{"name":"(anonymous_2)","decl":{"start":{"line":39,"column":2},"end":{"line":39,"column":4}},"loc":{"start":{"line":39,"column":7},"end":{"line":39,"column":88}}},"1":{"name":"(anonymous_3)","decl":{"start":{"line":40,"column":8},"end":{"line":40,"column":10}},"loc":{"start":{"line":40,"column":14},"end":{"line":43,"column":1}}},"2":{"name":"(anonymous_4)","decl":{"start":{"line":68,"column":8},"end":{"line":68,"column":9}},"loc":{"start":{"line":68,"column":27},"end":{"line":71,"column":1}}},"3":{"name":"(anonymous_5)","decl":{"start":{"line":72,"column":8},"end":{"line":72,"column":9}},"loc":{"start":{"line":72,"column":27},"end":{"line":85,"column":1}}},"4":{"name":"(anonymous_6)","decl":{"start":{"line":122,"column":101},"end":{"line":122,"column":102}},"loc":{"start":{"line":122,"column":114},"end":{"line":124,"column":1}}}},"branchMap":{"0":{"loc":{"start":{"line":46,"column":16},"end":{"line":46,"column":32}},"type":"binary-expr","locations":[{"start":{"line":46,"column":16},"end":{"line":46,"column":32}},{"start":{"line":46,"column":36},"end":{"line":46,"column":40}}]},"1":{"loc":{"start":{"line":74,"column":2},"end":{"line":83,"column":3}},"type":"if","locations":[{"start":{"line":74,"column":2},"end":{"line":83,"column":3}},{"start":{"line":74,"column":2},"end":{"line":83,"column":3}}]},"2":{"loc":{"start":{"line":74,"column":6},"end":{"line":74,"column":15}},"type":"binary-expr","locations":[{"start":{"line":74,"column":6},"end":{"line":74,"column":15}},{"start":{"line":75,"column":4},"end":{"line":75,"column":25}},{"start":{"line":76,"column":4},"end":{"line":76,"column":26}},{"start":{"line":77,"column":4},"end":{"line":77,"column":30}},{"start":{"line":78,"column":4},"end":{"line":78,"column":25}}]},"3":{"loc":{"start":{"line":80,"column":9},"end":{"line":83,"column":3}},"type":"if","locations":[{"start":{"line":80,"column":9},"end":{"line":83,"column":3}},{"start":{"line":80,"column":9},"end":{"line":83,"column":3}}]},"4":{"loc":{"start":{"line":80,"column":13},"end":{"line":80,"column":21}},"type":"binary-expr","locations":[{"start":{"line":80,"column":13},"end":{"line":80,"column":21}},{"start":{"line":81,"column":4},"end":{"line":81,"column":26}}]},"5":{"loc":{"start":{"line":123,"column":15},"end":{"line":123,"column":35}},"type":"binary-expr","locations":[{"start":{"line":123,"column":15},"end":{"line":123,"column":35}},{"start":{"line":123,"column":39},"end":{"line":123,"column":42}}]}},"s":{"0":5,"1":5,"2":5,"3":5,"4":5,"5":5,"6":5,"7":5,"8":5,"9":5,"10":5,"11":5,"12":5,"13":5,"14":5,"15":5,"16":5,"17":5,"18":5,"19":5,"20":5,"21":5,"22":5,"23":5,"24":5,"25":0,"26":5,"27":5,"28":5,"29":5,"30":5,"31":5,"32":5,"33":5,"34":5,"35":5,"36":5,"37":5,"38":5,"39":5,"40":5,"41":8,"42":8,"43":5,"44":8,"45":5,"46":3,"47":0,"48":8,"49":5,"50":5,"51":5,"52":5,"53":5,"54":5,"55":5,"56":5,"57":5,"58":5,"59":5,"60":5,"61":5,"62":5,"63":5,"64":5,"65":5,"66":5,"67":5,"68":5,"69":5,"70":5,"71":0,"72":5},"f":{"0":5,"1":0,"2":8,"3":8,"4":0},"b":{"0":[5,5],"1":[5,3],"2":[8,8,6,5,5],"3":[0,3],"4":[3,0],"5":[0,0]}}
,"/Users/sihwan/Documents/WORKS/OptimizeTeam/Devs/server-side/mainapp_original/src/config/passport.ts": {"path":"/Users/sihwan/Documents/WORKS/OptimizeTeam/Devs/server-side/mainapp_original/src/config/passport.ts","statementMap":{"0":{"start":{"line":1,"column":0},"end":{"line":1,"column":31}},"1":{"start":{"line":3,"column":0},"end":{"line":3,"column":42}},"2":{"start":{"line":4,"column":0},"end":{"line":4,"column":48}},"3":{"start":{"line":5,"column":0},"end":{"line":5,"column":22}},"4":{"start":{"line":8,"column":0},"end":{"line":8,"column":48}},"5":{"start":{"line":11,"column":22},"end":{"line":11,"column":44}},"6":{"start":{"line":12,"column":25},"end":{"line":12,"column":50}},"7":{"start":{"line":14,"column":0},"end":{"line":16,"column":3}},"8":{"start":{"line":15,"column":2},"end":{"line":15,"column":27}},"9":{"start":{"line":18,"column":0},"end":{"line":22,"column":3}},"10":{"start":{"line":19,"column":2},"end":{"line":21,"column":5}},"11":{"start":{"line":20,"column":4},"end":{"line":20,"column":20}},"12":{"start":{"line":28,"column":0},"end":{"line":42,"column":4}},"13":{"start":{"line":29,"column":2},"end":{"line":41,"column":5}},"14":{"start":{"line":30,"column":4},"end":{"line":30,"column":34}},"15":{"start":{"line":30,"column":15},"end":{"line":30,"column":32}},"16":{"start":{"line":31,"column":4},"end":{"line":33,"column":5}},"17":{"start":{"line":32,"column":6},"end":{"line":32,"column":78}},"18":{"start":{"line":34,"column":4},"end":{"line":40,"column":7}},"19":{"start":{"line":35,"column":6},"end":{"line":35,"column":36}},"20":{"start":{"line":35,"column":17},"end":{"line":35,"column":34}},"21":{"start":{"line":36,"column":6},"end":{"line":38,"column":7}},"22":{"start":{"line":37,"column":8},"end":{"line":37,"column":37}},"23":{"start":{"line":39,"column":6},"end":{"line":39,"column":79}},"24":{"start":{"line":64,"column":0},"end":{"line":119,"column":4}},"25":{"start":{"line":71,"column":2},"end":{"line":118,"column":3}},"26":{"start":{"line":72,"column":4},"end":{"line":91,"column":7}},"27":{"start":{"line":73,"column":6},"end":{"line":73,"column":36}},"28":{"start":{"line":73,"column":17},"end":{"line":73,"column":34}},"29":{"start":{"line":74,"column":6},"end":{"line":90,"column":7}},"30":{"start":{"line":75,"column":8},"end":{"line":75,"column":177}},"31":{"start":{"line":76,"column":8},"end":{"line":76,"column":18}},"32":{"start":{"line":78,"column":8},"end":{"line":89,"column":11}},"33":{"start":{"line":79,"column":10},"end":{"line":79,"column":40}},"34":{"start":{"line":79,"column":21},"end":{"line":79,"column":38}},"35":{"start":{"line":80,"column":10},"end":{"line":80,"column":37}},"36":{"start":{"line":81,"column":10},"end":{"line":81,"column":62}},"37":{"start":{"line":82,"column":10},"end":{"line":82,"column":106}},"38":{"start":{"line":83,"column":10},"end":{"line":83,"column":76}},"39":{"start":{"line":84,"column":10},"end":{"line":84,"column":119}},"40":{"start":{"line":85,"column":10},"end":{"line":88,"column":13}},"41":{"start":{"line":86,"column":12},"end":{"line":86,"column":76}},"42":{"start":{"line":87,"column":12},"end":{"line":87,"column":28}},"43":{"start":{"line":93,"column":4},"end":{"line":117,"column":7}},"44":{"start":{"line":94,"column":6},"end":{"line":94,"column":36}},"45":{"start":{"line":94,"column":17},"end":{"line":94,"column":34}},"46":{"start":{"line":95,"column":6},"end":{"line":97,"column":7}},"47":{"start":{"line":96,"column":8},"end":{"line":96,"column":45}},"48":{"start":{"line":98,"column":6},"end":{"line":116,"column":9}},"49":{"start":{"line":99,"column":8},"end":{"line":99,"column":38}},"50":{"start":{"line":99,"column":19},"end":{"line":99,"column":36}},"51":{"start":{"line":100,"column":8},"end":{"line":115,"column":9}},"52":{"start":{"line":101,"column":10},"end":{"line":101,"column":178}},"53":{"start":{"line":102,"column":10},"end":{"line":102,"column":20}},"54":{"start":{"line":104,"column":28},"end":{"line":104,"column":38}},"55":{"start":{"line":105,"column":10},"end":{"line":105,"column":43}},"56":{"start":{"line":106,"column":10},"end":{"line":106,"column":37}},"57":{"start":{"line":107,"column":10},"end":{"line":107,"column":62}},"58":{"start":{"line":108,"column":10},"end":{"line":108,"column":85}},"59":{"start":{"line":109,"column":10},"end":{"line":109,"column":53}},"60":{"start":{"line":110,"column":10},"end":{"line":110,"column":95}},"61":{"start":{"line":111,"column":10},"end":{"line":111,"column":94}},"62":{"start":{"line":112,"column":10},"end":{"line":114,"column":13}},"63":{"start":{"line":113,"column":12},"end":{"line":113,"column":28}},"64":{"start":{"line":124,"column":11},"end":{"line":129,"column":2}},"65":{"start":{"line":125,"column":2},"end":{"line":127,"column":3}},"66":{"start":{"line":126,"column":4},"end":{"line":126,"column":18}},"67":{"start":{"line":128,"column":2},"end":{"line":128,"column":25}},"68":{"start":{"line":134,"column":11},"end":{"line":142,"column":2}},"69":{"start":{"line":135,"column":19},"end":{"line":135,"column":51}},"70":{"start":{"line":137,"column":2},"end":{"line":141,"column":3}},"71":{"start":{"line":138,"column":4},"end":{"line":138,"column":11}},"72":{"start":{"line":140,"column":4},"end":{"line":140,"column":38}}},"fnMap":{"0":{"name":"(anonymous_1)","decl":{"start":{"line":14,"column":33},"end":{"line":14,"column":34}},"loc":{"start":{"line":14,"column":48},"end":{"line":16,"column":1}}},"1":{"name":"(anonymous_2)","decl":{"start":{"line":18,"column":25},"end":{"line":18,"column":26}},"loc":{"start":{"line":18,"column":38},"end":{"line":22,"column":1}}},"2":{"name":"(anonymous_3)","decl":{"start":{"line":19,"column":20},"end":{"line":19,"column":21}},"loc":{"start":{"line":19,"column":34},"end":{"line":21,"column":3}}},"3":{"name":"(anonymous_4)","decl":{"start":{"line":28,"column":59},"end":{"line":28,"column":60}},"loc":{"start":{"line":28,"column":85},"end":{"line":42,"column":1}}},"4":{"name":"(anonymous_5)","decl":{"start":{"line":29,"column":47},"end":{"line":29,"column":48}},"loc":{"start":{"line":29,"column":66},"end":{"line":41,"column":3}}},"5":{"name":"(anonymous_6)","decl":{"start":{"line":34,"column":35},"end":{"line":34,"column":36}},"loc":{"start":{"line":34,"column":68},"end":{"line":40,"column":5}}},"6":{"name":"(anonymous_7)","decl":{"start":{"line":70,"column":3},"end":{"line":70,"column":4}},"loc":{"start":{"line":70,"column":58},"end":{"line":119,"column":1}}},"7":{"name":"(anonymous_8)","decl":{"start":{"line":72,"column":43},"end":{"line":72,"column":44}},"loc":{"start":{"line":72,"column":65},"end":{"line":91,"column":5}}},"8":{"name":"(anonymous_9)","decl":{"start":{"line":78,"column":35},"end":{"line":78,"column":36}},"loc":{"start":{"line":78,"column":54},"end":{"line":89,"column":9}}},"9":{"name":"(anonymous_10)","decl":{"start":{"line":85,"column":20},"end":{"line":85,"column":21}},"loc":{"start":{"line":85,"column":35},"end":{"line":88,"column":11}}},"10":{"name":"(anonymous_11)","decl":{"start":{"line":93,"column":43},"end":{"line":93,"column":44}},"loc":{"start":{"line":93,"column":65},"end":{"line":117,"column":5}}},"11":{"name":"(anonymous_12)","decl":{"start":{"line":98,"column":51},"end":{"line":98,"column":52}},"loc":{"start":{"line":98,"column":78},"end":{"line":116,"column":7}}},"12":{"name":"(anonymous_13)","decl":{"start":{"line":112,"column":20},"end":{"line":112,"column":21}},"loc":{"start":{"line":112,"column":35},"end":{"line":114,"column":11}}},"13":{"name":"(anonymous_14)","decl":{"start":{"line":124,"column":29},"end":{"line":124,"column":30}},"loc":{"start":{"line":124,"column":81},"end":{"line":129,"column":1}}},"14":{"name":"(anonymous_15)","decl":{"start":{"line":134,"column":26},"end":{"line":134,"column":27}},"loc":{"start":{"line":134,"column":78},"end":{"line":142,"column":1}}}},"branchMap":{"0":{"loc":{"start":{"line":30,"column":4},"end":{"line":30,"column":34}},"type":"if","locations":[{"start":{"line":30,"column":4},"end":{"line":30,"column":34}},{"start":{"line":30,"column":4},"end":{"line":30,"column":34}}]},"1":{"loc":{"start":{"line":31,"column":4},"end":{"line":33,"column":5}},"type":"if","locations":[{"start":{"line":31,"column":4},"end":{"line":33,"column":5}},{"start":{"line":31,"column":4},"end":{"line":33,"column":5}}]},"2":{"loc":{"start":{"line":35,"column":6},"end":{"line":35,"column":36}},"type":"if","locations":[{"start":{"line":35,"column":6},"end":{"line":35,"column":36}},{"start":{"line":35,"column":6},"end":{"line":35,"column":36}}]},"3":{"loc":{"start":{"line":36,"column":6},"end":{"line":38,"column":7}},"type":"if","locations":[{"start":{"line":36,"column":6},"end":{"line":38,"column":7}},{"start":{"line":36,"column":6},"end":{"line":38,"column":7}}]},"4":{"loc":{"start":{"line":71,"column":2},"end":{"line":118,"column":3}},"type":"if","locations":[{"start":{"line":71,"column":2},"end":{"line":118,"column":3}},{"start":{"line":71,"column":2},"end":{"line":118,"column":3}}]},"5":{"loc":{"start":{"line":73,"column":6},"end":{"line":73,"column":36}},"type":"if","locations":[{"start":{"line":73,"column":6},"end":{"line":73,"column":36}},{"start":{"line":73,"column":6},"end":{"line":73,"column":36}}]},"6":{"loc":{"start":{"line":74,"column":6},"end":{"line":90,"column":7}},"type":"if","locations":[{"start":{"line":74,"column":6},"end":{"line":90,"column":7}},{"start":{"line":74,"column":6},"end":{"line":90,"column":7}}]},"7":{"loc":{"start":{"line":79,"column":10},"end":{"line":79,"column":40}},"type":"if","locations":[{"start":{"line":79,"column":10},"end":{"line":79,"column":40}},{"start":{"line":79,"column":10},"end":{"line":79,"column":40}}]},"8":{"loc":{"start":{"line":82,"column":30},"end":{"line":82,"column":47}},"type":"binary-expr","locations":[{"start":{"line":82,"column":30},"end":{"line":82,"column":47}},{"start":{"line":82,"column":51},"end":{"line":82,"column":105}}]},"9":{"loc":{"start":{"line":83,"column":32},"end":{"line":83,"column":51}},"type":"binary-expr","locations":[{"start":{"line":83,"column":32},"end":{"line":83,"column":51}},{"start":{"line":83,"column":55},"end":{"line":83,"column":75}}]},"10":{"loc":{"start":{"line":84,"column":33},"end":{"line":84,"column":53}},"type":"binary-expr","locations":[{"start":{"line":84,"column":33},"end":{"line":84,"column":53}},{"start":{"line":84,"column":57},"end":{"line":84,"column":118}}]},"11":{"loc":{"start":{"line":94,"column":6},"end":{"line":94,"column":36}},"type":"if","locations":[{"start":{"line":94,"column":6},"end":{"line":94,"column":36}},{"start":{"line":94,"column":6},"end":{"line":94,"column":36}}]},"12":{"loc":{"start":{"line":95,"column":6},"end":{"line":97,"column":7}},"type":"if","locations":[{"start":{"line":95,"column":6},"end":{"line":97,"column":7}},{"start":{"line":95,"column":6},"end":{"line":97,"column":7}}]},"13":{"loc":{"start":{"line":99,"column":8},"end":{"line":99,"column":38}},"type":"if","locations":[{"start":{"line":99,"column":8},"end":{"line":99,"column":38}},{"start":{"line":99,"column":8},"end":{"line":99,"column":38}}]},"14":{"loc":{"start":{"line":100,"column":8},"end":{"line":115,"column":9}},"type":"if","locations":[{"start":{"line":100,"column":8},"end":{"line":115,"column":9}},{"start":{"line":100,"column":8},"end":{"line":115,"column":9}}]},"15":{"loc":{"start":{"line":111,"column":61},"end":{"line":111,"column":88}},"type":"cond-expr","locations":[{"start":{"line":111,"column":61},"end":{"line":111,"column":88}},{"start":{"line":111,"column":91},"end":{"line":111,"column":93}}]},"16":{"loc":{"start":{"line":125,"column":2},"end":{"line":127,"column":3}},"type":"if","locations":[{"start":{"line":125,"column":2},"end":{"line":127,"column":3}},{"start":{"line":125,"column":2},"end":{"line":127,"column":3}}]},"17":{"loc":{"start":{"line":137,"column":2},"end":{"line":141,"column":3}},"type":"if","locations":[{"start":{"line":137,"column":2},"end":{"line":141,"column":3}},{"start":{"line":137,"column":2},"end":{"line":141,"column":3}}]}},"s":{"0":5,"1":5,"2":5,"3":5,"4":5,"5":5,"6":5,"7":5,"8":0,"9":5,"10":0,"11":0,"12":5,"13":0,"14":0,"15":0,"16":0,"17":0,"18":0,"19":0,"20":0,"21":0,"22":0,"23":0,"24":5,"25":0,"26":0,"27":0,"28":0,"29":0,"30":0,"31":0,"32":0,"33":0,"34":0,"35":0,"36":0,"37":0,"38":0,"39":0,"40":0,"41":0,"42":0,"43":0,"44":0,"45":0,"46":0,"47":0,"48":0,"49":0,"50":0,"51":0,"52":0,"53":0,"54":0,"55":0,"56":0,"57":0,"58":0,"59":0,"60":0,"61":0,"62":0,"63":0,"64":5,"65":0,"66":0,"67":0,"68":5,"69":0,"70":0,"71":0,"72":0},"f":{"0":0,"1":0,"2":0,"3":0,"4":0,"5":0,"6":0,"7":0,"8":0,"9":0,"10":0,"11":0,"12":0,"13":0,"14":0},"b":{"0":[0,0],"1":[0,0],"2":[0,0],"3":[0,0],"4":[0,0],"5":[0,0],"6":[0,0],"7":[0,0],"8":[0,0],"9":[0,0],"10":[0,0],"11":[0,0],"12":[0,0],"13":[0,0],"14":[0,0],"15":[0,0],"16":[0,0],"17":[0,0]}}
,"/Users/sihwan/Documents/WORKS/OptimizeTeam/Devs/server-side/mainapp_original/src/controllers/api.ts": {"path":"/Users/sihwan/Documents/WORKS/OptimizeTeam/Devs/server-side/mainapp_original/src/controllers/api.ts","statementMap":{"0":{"start":{"line":5,"column":0},"end":{"line":5,"column":27}},"1":{"start":{"line":13,"column":11},"end":{"line":17,"column":2}},"2":{"start":{"line":14,"column":2},"end":{"line":16,"column":5}},"3":{"start":{"line":23,"column":11},"end":{"line":33,"column":2}},"4":{"start":{"line":24,"column":16},"end":{"line":24,"column":79}},"5":{"start":{"line":24,"column":53},"end":{"line":24,"column":78}},"6":{"start":{"line":25,"column":2},"end":{"line":25,"column":42}},"7":{"start":{"line":26,"column":2},"end":{"line":32,"column":5}},"8":{"start":{"line":27,"column":4},"end":{"line":27,"column":34}},"9":{"start":{"line":27,"column":15},"end":{"line":27,"column":32}},"10":{"start":{"line":28,"column":4},"end":{"line":31,"column":7}}},"fnMap":{"0":{"name":"(anonymous_1)","decl":{"start":{"line":13,"column":20},"end":{"line":13,"column":21}},"loc":{"start":{"line":13,"column":52},"end":{"line":17,"column":1}}},"1":{"name":"(anonymous_2)","decl":{"start":{"line":23,"column":25},"end":{"line":23,"column":26}},"loc":{"start":{"line":23,"column":77},"end":{"line":33,"column":1}}},"2":{"name":"(anonymous_3)","decl":{"start":{"line":24,"column":37},"end":{"line":24,"column":38}},"loc":{"start":{"line":24,"column":53},"end":{"line":24,"column":78}}},"3":{"name":"(anonymous_4)","decl":{"start":{"line":26,"column":106},"end":{"line":26,"column":107}},"loc":{"start":{"line":26,"column":150},"end":{"line":32,"column":3}}}},"branchMap":{"0":{"loc":{"start":{"line":27,"column":4},"end":{"line":27,"column":34}},"type":"if","locations":[{"start":{"line":27,"column":4},"end":{"line":27,"column":34}},{"start":{"line":27,"column":4},"end":{"line":27,"column":34}}]}},"s":{"0":5,"1":5,"2":1,"3":5,"4":0,"5":0,"6":0,"7":0,"8":0,"9":0,"10":0},"f":{"0":1,"1":0,"2":0,"3":0},"b":{"0":[0,0]}}
,"/Users/sihwan/Documents/WORKS/OptimizeTeam/Devs/server-side/mainapp_original/src/controllers/contact.ts": {"path":"/Users/sihwan/Documents/WORKS/OptimizeTeam/Devs/server-side/mainapp_original/src/controllers/contact.ts","statementMap":{"0":{"start":{"line":1,"column":0},"end":{"line":1,"column":35}},"1":{"start":{"line":4,"column":20},"end":{"line":10,"column":2}},"2":{"start":{"line":16,"column":11},"end":{"line":20,"column":2}},"3":{"start":{"line":17,"column":2},"end":{"line":19,"column":5}},"4":{"start":{"line":26,"column":11},"end":{"line":53,"column":2}},"5":{"start":{"line":27,"column":2},"end":{"line":27,"column":56}},"6":{"start":{"line":28,"column":2},"end":{"line":28,"column":54}},"7":{"start":{"line":29,"column":2},"end":{"line":29,"column":62}},"8":{"start":{"line":31,"column":17},"end":{"line":31,"column":39}},"9":{"start":{"line":33,"column":2},"end":{"line":36,"column":3}},"10":{"start":{"line":34,"column":4},"end":{"line":34,"column":32}},"11":{"start":{"line":35,"column":4},"end":{"line":35,"column":36}},"12":{"start":{"line":38,"column":22},"end":{"line":43,"column":3}},"13":{"start":{"line":45,"column":2},"end":{"line":52,"column":5}},"14":{"start":{"line":46,"column":4},"end":{"line":49,"column":5}},"15":{"start":{"line":47,"column":6},"end":{"line":47,"column":48}},"16":{"start":{"line":48,"column":6},"end":{"line":48,"column":38}},"17":{"start":{"line":50,"column":4},"end":{"line":50,"column":71}},"18":{"start":{"line":51,"column":4},"end":{"line":51,"column":29}}},"fnMap":{"0":{"name":"(anonymous_1)","decl":{"start":{"line":16,"column":24},"end":{"line":16,"column":25}},"loc":{"start":{"line":16,"column":56},"end":{"line":20,"column":1}}},"1":{"name":"(anonymous_2)","decl":{"start":{"line":26,"column":25},"end":{"line":26,"column":26}},"loc":{"start":{"line":26,"column":57},"end":{"line":53,"column":1}}},"2":{"name":"(anonymous_3)","decl":{"start":{"line":45,"column":36},"end":{"line":45,"column":37}},"loc":{"start":{"line":45,"column":44},"end":{"line":52,"column":3}}}},"branchMap":{"0":{"loc":{"start":{"line":33,"column":2},"end":{"line":36,"column":3}},"type":"if","locations":[{"start":{"line":33,"column":2},"end":{"line":36,"column":3}},{"start":{"line":33,"column":2},"end":{"line":36,"column":3}}]},"1":{"loc":{"start":{"line":46,"column":4},"end":{"line":49,"column":5}},"type":"if","locations":[{"start":{"line":46,"column":4},"end":{"line":49,"column":5}},{"start":{"line":46,"column":4},"end":{"line":49,"column":5}}]}},"s":{"0":5,"1":5,"2":5,"3":1,"4":5,"5":1,"6":1,"7":1,"8":1,"9":1,"10":1,"11":1,"12":0,"13":0,"14":0,"15":0,"16":0,"17":0,"18":0},"f":{"0":1,"1":1,"2":0},"b":{"0":[1,0],"1":[0,0]}}
,"/Users/sihwan/Documents/WORKS/OptimizeTeam/Devs/server-side/mainapp_original/src/controllers/home.ts": {"path":"/Users/sihwan/Documents/WORKS/OptimizeTeam/Devs/server-side/mainapp_original/src/controllers/home.ts","statementMap":{"0":{"start":{"line":7,"column":11},"end":{"line":11,"column":2}},"1":{"start":{"line":8,"column":2},"end":{"line":10,"column":5}}},"fnMap":{"0":{"name":"(anonymous_0)","decl":{"start":{"line":7,"column":19},"end":{"line":7,"column":20}},"loc":{"start":{"line":7,"column":51},"end":{"line":11,"column":1}}}},"branchMap":{},"s":{"0":5,"1":1},"f":{"0":1},"b":{}}
,"/Users/sihwan/Documents/WORKS/OptimizeTeam/Devs/server-side/mainapp_original/src/controllers/user.ts": {"path":"/Users/sihwan/Documents/WORKS/OptimizeTeam/Devs/server-side/mainapp_original/src/controllers/user.ts","statementMap":{"0":{"start":{"line":1,"column":0},"end":{"line":1,"column":25}},"1":{"start":{"line":2,"column":0},"end":{"line":2,"column":27}},"2":{"start":{"line":3,"column":0},"end":{"line":3,"column":35}},"3":{"start":{"line":4,"column":0},"end":{"line":4,"column":31}},"4":{"start":{"line":5,"column":0},"end":{"line":5,"column":70}},"5":{"start":{"line":9,"column":16},"end":{"line":9,"column":44}},"6":{"start":{"line":16,"column":11},"end":{"line":23,"column":2}},"7":{"start":{"line":17,"column":2},"end":{"line":19,"column":3}},"8":{"start":{"line":18,"column":4},"end":{"line":18,"column":29}},"9":{"start":{"line":20,"column":2},"end":{"line":22,"column":5}},"10":{"start":{"line":29,"column":11},"end":{"line":53,"column":2}},"11":{"start":{"line":30,"column":2},"end":{"line":30,"column":54}},"12":{"start":{"line":31,"column":2},"end":{"line":31,"column":64}},"13":{"start":{"line":32,"column":2},"end":{"line":32,"column":69}},"14":{"start":{"line":34,"column":17},"end":{"line":34,"column":39}},"15":{"start":{"line":36,"column":2},"end":{"line":39,"column":3}},"16":{"start":{"line":37,"column":4},"end":{"line":37,"column":32}},"17":{"start":{"line":38,"column":4},"end":{"line":38,"column":34}},"18":{"start":{"line":41,"column":2},"end":{"line":52,"column":21}},"19":{"start":{"line":42,"column":4},"end":{"line":42,"column":34}},"20":{"start":{"line":42,"column":15},"end":{"line":42,"column":32}},"21":{"start":{"line":43,"column":4},"end":{"line":46,"column":5}},"22":{"start":{"line":44,"column":6},"end":{"line":44,"column":40}},"23":{"start":{"line":45,"column":6},"end":{"line":45,"column":36}},"24":{"start":{"line":47,"column":4},"end":{"line":51,"column":7}},"25":{"start":{"line":48,"column":6},"end":{"line":48,"column":36}},"26":{"start":{"line":48,"column":17},"end":{"line":48,"column":34}},"27":{"start":{"line":49,"column":6},"end":{"line":49,"column":67}},"28":{"start":{"line":50,"column":6},"end":{"line":50,"column":48}},"29":{"start":{"line":59,"column":11},"end":{"line":62,"column":2}},"30":{"start":{"line":60,"column":2},"end":{"line":60,"column":15}},"31":{"start":{"line":61,"column":2},"end":{"line":61,"column":20}},"32":{"start":{"line":68,"column":11},"end":{"line":75,"column":2}},"33":{"start":{"line":69,"column":2},"end":{"line":71,"column":3}},"34":{"start":{"line":70,"column":4},"end":{"line":70,"column":29}},"35":{"start":{"line":72,"column":2},"end":{"line":74,"column":5}},"36":{"start":{"line":81,"column":11},"end":{"line":115,"column":2}},"37":{"start":{"line":82,"column":2},"end":{"line":82,"column":54}},"38":{"start":{"line":83,"column":2},"end":{"line":83,"column":88}},"39":{"start":{"line":84,"column":2},"end":{"line":84,"column":84}},"40":{"start":{"line":85,"column":2},"end":{"line":85,"column":69}},"41":{"start":{"line":87,"column":17},"end":{"line":87,"column":39}},"42":{"start":{"line":89,"column":2},"end":{"line":92,"column":3}},"43":{"start":{"line":90,"column":4},"end":{"line":90,"column":32}},"44":{"start":{"line":91,"column":4},"end":{"line":91,"column":35}},"45":{"start":{"line":94,"column":15},"end":{"line":97,"column":4}},"46":{"start":{"line":99,"column":2},"end":{"line":114,"column":5}},"47":{"start":{"line":100,"column":4},"end":{"line":100,"column":34}},"48":{"start":{"line":100,"column":15},"end":{"line":100,"column":32}},"49":{"start":{"line":101,"column":4},"end":{"line":104,"column":5}},"50":{"start":{"line":102,"column":6},"end":{"line":102,"column":86}},"51":{"start":{"line":103,"column":6},"end":{"line":103,"column":37}},"52":{"start":{"line":105,"column":4},"end":{"line":113,"column":7}},"53":{"start":{"line":106,"column":6},"end":{"line":106,"column":36}},"54":{"start":{"line":106,"column":17},"end":{"line":106,"column":34}},"55":{"start":{"line":107,"column":6},"end":{"line":112,"column":9}},"56":{"start":{"line":108,"column":8},"end":{"line":110,"column":9}},"57":{"start":{"line":109,"column":10},"end":{"line":109,"column":27}},"58":{"start":{"line":111,"column":8},"end":{"line":111,"column":26}},"59":{"start":{"line":121,"column":11},"end":{"line":125,"column":2}},"60":{"start":{"line":122,"column":2},"end":{"line":124,"column":5}},"61":{"start":{"line":131,"column":11},"end":{"line":161,"column":2}},"62":{"start":{"line":132,"column":2},"end":{"line":132,"column":71}},"63":{"start":{"line":133,"column":2},"end":{"line":133,"column":69}},"64":{"start":{"line":135,"column":17},"end":{"line":135,"column":39}},"65":{"start":{"line":137,"column":2},"end":{"line":140,"column":3}},"66":{"start":{"line":138,"column":4},"end":{"line":138,"column":32}},"67":{"start":{"line":139,"column":4},"end":{"line":139,"column":36}},"68":{"start":{"line":142,"column":2},"end":{"line":160,"column":5}},"69":{"start":{"line":143,"column":4},"end":{"line":143,"column":34}},"70":{"start":{"line":143,"column":15},"end":{"line":143,"column":32}},"71":{"start":{"line":144,"column":4},"end":{"line":144,"column":38}},"72":{"start":{"line":145,"column":4},"end":{"line":145,"column":44}},"73":{"start":{"line":146,"column":4},"end":{"line":146,"column":48}},"74":{"start":{"line":147,"column":4},"end":{"line":147,"column":52}},"75":{"start":{"line":148,"column":4},"end":{"line":148,"column":50}},"76":{"start":{"line":149,"column":4},"end":{"line":159,"column":7}},"77":{"start":{"line":150,"column":6},"end":{"line":156,"column":7}},"78":{"start":{"line":151,"column":8},"end":{"line":154,"column":9}},"79":{"start":{"line":152,"column":10},"end":{"line":152,"column":116}},"80":{"start":{"line":153,"column":10},"end":{"line":153,"column":42}},"81":{"start":{"line":155,"column":8},"end":{"line":155,"column":25}},"82":{"start":{"line":157,"column":6},"end":{"line":157,"column":77}},"83":{"start":{"line":158,"column":6},"end":{"line":158,"column":31}},"84":{"start":{"line":167,"column":11},"end":{"line":187,"column":2}},"85":{"start":{"line":168,"column":2},"end":{"line":168,"column":88}},"86":{"start":{"line":169,"column":2},"end":{"line":169,"column":84}},"87":{"start":{"line":171,"column":17},"end":{"line":171,"column":39}},"88":{"start":{"line":173,"column":2},"end":{"line":176,"column":3}},"89":{"start":{"line":174,"column":4},"end":{"line":174,"column":32}},"90":{"start":{"line":175,"column":4},"end":{"line":175,"column":36}},"91":{"start":{"line":178,"column":2},"end":{"line":186,"column":5}},"92":{"start":{"line":179,"column":4},"end":{"line":179,"column":34}},"93":{"start":{"line":179,"column":15},"end":{"line":179,"column":32}},"94":{"start":{"line":180,"column":4},"end":{"line":180,"column":38}},"95":{"start":{"line":181,"column":4},"end":{"line":185,"column":7}},"96":{"start":{"line":182,"column":6},"end":{"line":182,"column":36}},"97":{"start":{"line":182,"column":17},"end":{"line":182,"column":34}},"98":{"start":{"line":183,"column":6},"end":{"line":183,"column":66}},"99":{"start":{"line":184,"column":6},"end":{"line":184,"column":31}},"100":{"start":{"line":193,"column":11},"end":{"line":200,"column":2}},"101":{"start":{"line":194,"column":2},"end":{"line":199,"column":5}},"102":{"start":{"line":195,"column":4},"end":{"line":195,"column":34}},"103":{"start":{"line":195,"column":15},"end":{"line":195,"column":32}},"104":{"start":{"line":196,"column":4},"end":{"line":196,"column":17}},"105":{"start":{"line":197,"column":4},"end":{"line":197,"column":65}},"106":{"start":{"line":198,"column":4},"end":{"line":198,"column":22}},"107":{"start":{"line":206,"column":11},"end":{"line":218,"column":2}},"108":{"start":{"line":207,"column":19},"end":{"line":207,"column":38}},"109":{"start":{"line":208,"column":2},"end":{"line":217,"column":5}},"110":{"start":{"line":209,"column":4},"end":{"line":209,"column":34}},"111":{"start":{"line":209,"column":15},"end":{"line":209,"column":32}},"112":{"start":{"line":210,"column":4},"end":{"line":210,"column":31}},"113":{"start":{"line":211,"column":4},"end":{"line":211,"column":84}},"114":{"start":{"line":211,"column":59},"end":{"line":211,"column":82}},"115":{"start":{"line":212,"column":4},"end":{"line":216,"column":7}},"116":{"start":{"line":213,"column":6},"end":{"line":213,"column":36}},"117":{"start":{"line":213,"column":17},"end":{"line":213,"column":34}},"118":{"start":{"line":214,"column":6},"end":{"line":214,"column":75}},"119":{"start":{"line":215,"column":6},"end":{"line":215,"column":31}},"120":{"start":{"line":224,"column":11},"end":{"line":241,"column":2}},"121":{"start":{"line":225,"column":2},"end":{"line":227,"column":3}},"122":{"start":{"line":226,"column":4},"end":{"line":226,"column":29}},"123":{"start":{"line":228,"column":2},"end":{"line":240,"column":7}},"124":{"start":{"line":232,"column":6},"end":{"line":232,"column":36}},"125":{"start":{"line":232,"column":17},"end":{"line":232,"column":34}},"126":{"start":{"line":233,"column":6},"end":{"line":236,"column":7}},"127":{"start":{"line":234,"column":8},"end":{"line":234,"column":88}},"128":{"start":{"line":235,"column":8},"end":{"line":235,"column":39}},"129":{"start":{"line":237,"column":6},"end":{"line":239,"column":9}},"130":{"start":{"line":247,"column":11},"end":{"line":303,"column":2}},"131":{"start":{"line":248,"column":2},"end":{"line":248,"column":89}},"132":{"start":{"line":249,"column":2},"end":{"line":249,"column":75}},"133":{"start":{"line":251,"column":17},"end":{"line":251,"column":39}},"134":{"start":{"line":253,"column":2},"end":{"line":256,"column":3}},"135":{"start":{"line":254,"column":4},"end":{"line":254,"column":32}},"136":{"start":{"line":255,"column":4},"end":{"line":255,"column":32}},"137":{"start":{"line":258,"column":2},"end":{"line":302,"column":5}},"138":{"start":{"line":260,"column":6},"end":{"line":278,"column":11}},"139":{"start":{"line":264,"column":10},"end":{"line":264,"column":40}},"140":{"start":{"line":264,"column":21},"end":{"line":264,"column":38}},"141":{"start":{"line":265,"column":10},"end":{"line":268,"column":11}},"142":{"start":{"line":266,"column":12},"end":{"line":266,"column":92}},"143":{"start":{"line":267,"column":12},"end":{"line":267,"column":40}},"144":{"start":{"line":269,"column":10},"end":{"line":269,"column":44}},"145":{"start":{"line":270,"column":10},"end":{"line":270,"column":46}},"146":{"start":{"line":271,"column":10},"end":{"line":271,"column":48}},"147":{"start":{"line":272,"column":10},"end":{"line":277,"column":13}},"148":{"start":{"line":273,"column":12},"end":{"line":273,"column":42}},"149":{"start":{"line":273,"column":23},"end":{"line":273,"column":40}},"150":{"start":{"line":274,"column":12},"end":{"line":276,"column":15}},"151":{"start":{"line":275,"column":14},"end":{"line":275,"column":30}},"152":{"start":{"line":281,"column":26},"end":{"line":287,"column":8}},"153":{"start":{"line":288,"column":26},"end":{"line":293,"column":7}},"154":{"start":{"line":294,"column":6},"end":{"line":297,"column":9}},"155":{"start":{"line":295,"column":8},"end":{"line":295,"column":82}},"156":{"start":{"line":296,"column":8},"end":{"line":296,"column":18}},"157":{"start":{"line":300,"column":4},"end":{"line":300,"column":34}},"158":{"start":{"line":300,"column":15},"end":{"line":300,"column":32}},"159":{"start":{"line":301,"column":4},"end":{"line":301,"column":22}},"160":{"start":{"line":309,"column":11},"end":{"line":316,"column":2}},"161":{"start":{"line":310,"column":2},"end":{"line":312,"column":3}},"162":{"start":{"line":311,"column":4},"end":{"line":311,"column":29}},"163":{"start":{"line":313,"column":2},"end":{"line":315,"column":5}},"164":{"start":{"line":322,"column":11},"end":{"line":380,"column":2}},"165":{"start":{"line":323,"column":2},"end":{"line":323,"column":71}},"166":{"start":{"line":324,"column":2},"end":{"line":324,"column":69}},"167":{"start":{"line":326,"column":17},"end":{"line":326,"column":39}},"168":{"start":{"line":328,"column":2},"end":{"line":331,"column":3}},"169":{"start":{"line":329,"column":4},"end":{"line":329,"column":32}},"170":{"start":{"line":330,"column":4},"end":{"line":330,"column":35}},"171":{"start":{"line":333,"column":2},"end":{"line":379,"column":5}},"172":{"start":{"line":335,"column":6},"end":{"line":338,"column":9}},"173":{"start":{"line":336,"column":22},"end":{"line":336,"column":41}},"174":{"start":{"line":337,"column":8},"end":{"line":337,"column":25}},"175":{"start":{"line":341,"column":6},"end":{"line":352,"column":9}},"176":{"start":{"line":342,"column":8},"end":{"line":342,"column":38}},"177":{"start":{"line":342,"column":19},"end":{"line":342,"column":36}},"178":{"start":{"line":343,"column":8},"end":{"line":346,"column":9}},"179":{"start":{"line":344,"column":10},"end":{"line":344,"column":90}},"180":{"start":{"line":345,"column":10},"end":{"line":345,"column":41}},"181":{"start":{"line":347,"column":8},"end":{"line":347,"column":40}},"182":{"start":{"line":348,"column":8},"end":{"line":348,"column":57}},"183":{"start":{"line":349,"column":8},"end":{"line":351,"column":11}},"184":{"start":{"line":350,"column":10},"end":{"line":350,"column":33}},"185":{"start":{"line":355,"column":26},"end":{"line":361,"column":8}},"186":{"start":{"line":362,"column":26},"end":{"line":370,"column":7}},"187":{"start":{"line":371,"column":6},"end":{"line":374,"column":9}},"188":{"start":{"line":372,"column":8},"end":{"line":372,"column":106}},"189":{"start":{"line":373,"column":8},"end":{"line":373,"column":18}},"190":{"start":{"line":377,"column":4},"end":{"line":377,"column":34}},"191":{"start":{"line":377,"column":15},"end":{"line":377,"column":32}},"192":{"start":{"line":378,"column":4},"end":{"line":378,"column":28}}},"fnMap":{"0":{"name":"(anonymous_1)","decl":{"start":{"line":16,"column":22},"end":{"line":16,"column":23}},"loc":{"start":{"line":16,"column":54},"end":{"line":23,"column":1}}},"1":{"name":"(anonymous_2)","decl":{"start":{"line":29,"column":23},"end":{"line":29,"column":24}},"loc":{"start":{"line":29,"column":75},"end":{"line":53,"column":1}}},"2":{"name":"(anonymous_3)","decl":{"start":{"line":41,"column":33},"end":{"line":41,"column":34}},"loc":{"start":{"line":41,"column":87},"end":{"line":52,"column":3}}},"3":{"name":"(anonymous_4)","decl":{"start":{"line":47,"column":20},"end":{"line":47,"column":21}},"loc":{"start":{"line":47,"column":28},"end":{"line":51,"column":5}}},"4":{"name":"(anonymous_5)","decl":{"start":{"line":59,"column":20},"end":{"line":59,"column":21}},"loc":{"start":{"line":59,"column":52},"end":{"line":62,"column":1}}},"5":{"name":"(anonymous_6)","decl":{"start":{"line":68,"column":23},"end":{"line":68,"column":24}},"loc":{"start":{"line":68,"column":55},"end":{"line":75,"column":1}}},"6":{"name":"(anonymous_7)","decl":{"start":{"line":81,"column":24},"end":{"line":81,"column":25}},"loc":{"start":{"line":81,"column":76},"end":{"line":115,"column":1}}},"7":{"name":"(anonymous_8)","decl":{"start":{"line":99,"column":42},"end":{"line":99,"column":43}},"loc":{"start":{"line":99,"column":64},"end":{"line":114,"column":3}}},"8":{"name":"(anonymous_9)","decl":{"start":{"line":105,"column":14},"end":{"line":105,"column":15}},"loc":{"start":{"line":105,"column":22},"end":{"line":113,"column":5}}},"9":{"name":"(anonymous_10)","decl":{"start":{"line":107,"column":22},"end":{"line":107,"column":23}},"loc":{"start":{"line":107,"column":30},"end":{"line":112,"column":7}}},"10":{"name":"(anonymous_11)","decl":{"start":{"line":121,"column":24},"end":{"line":121,"column":25}},"loc":{"start":{"line":121,"column":56},"end":{"line":125,"column":1}}},"11":{"name":"(anonymous_12)","decl":{"start":{"line":131,"column":31},"end":{"line":131,"column":32}},"loc":{"start":{"line":131,"column":83},"end":{"line":161,"column":1}}},"12":{"name":"(anonymous_13)","decl":{"start":{"line":142,"column":29},"end":{"line":142,"column":30}},"loc":{"start":{"line":142,"column":54},"end":{"line":160,"column":3}}},"13":{"name":"(anonymous_14)","decl":{"start":{"line":149,"column":14},"end":{"line":149,"column":15}},"loc":{"start":{"line":149,"column":34},"end":{"line":159,"column":5}}},"14":{"name":"(anonymous_15)","decl":{"start":{"line":167,"column":32},"end":{"line":167,"column":33}},"loc":{"start":{"line":167,"column":84},"end":{"line":187,"column":1}}},"15":{"name":"(anonymous_16)","decl":{"start":{"line":178,"column":29},"end":{"line":178,"column":30}},"loc":{"start":{"line":178,"column":54},"end":{"line":186,"column":3}}},"16":{"name":"(anonymous_17)","decl":{"start":{"line":181,"column":14},"end":{"line":181,"column":15}},"loc":{"start":{"line":181,"column":34},"end":{"line":185,"column":5}}},"17":{"name":"(anonymous_18)","decl":{"start":{"line":193,"column":31},"end":{"line":193,"column":32}},"loc":{"start":{"line":193,"column":83},"end":{"line":200,"column":1}}},"18":{"name":"(anonymous_19)","decl":{"start":{"line":194,"column":36},"end":{"line":194,"column":37}},"loc":{"start":{"line":194,"column":44},"end":{"line":199,"column":3}}},"19":{"name":"(anonymous_20)","decl":{"start":{"line":206,"column":28},"end":{"line":206,"column":29}},"loc":{"start":{"line":206,"column":80},"end":{"line":218,"column":1}}},"20":{"name":"(anonymous_21)","decl":{"start":{"line":208,"column":29},"end":{"line":208,"column":30}},"loc":{"start":{"line":208,"column":48},"end":{"line":217,"column":3}}},"21":{"name":"(anonymous_22)","decl":{"start":{"line":211,"column":37},"end":{"line":211,"column":38}},"loc":{"start":{"line":211,"column":59},"end":{"line":211,"column":82}}},"22":{"name":"(anonymous_23)","decl":{"start":{"line":212,"column":14},"end":{"line":212,"column":15}},"loc":{"start":{"line":212,"column":34},"end":{"line":216,"column":5}}},"23":{"name":"(anonymous_24)","decl":{"start":{"line":224,"column":22},"end":{"line":224,"column":23}},"loc":{"start":{"line":224,"column":74},"end":{"line":241,"column":1}}},"24":{"name":"(anonymous_25)","decl":{"start":{"line":231,"column":10},"end":{"line":231,"column":11}},"loc":{"start":{"line":231,"column":24},"end":{"line":240,"column":5}}},"25":{"name":"(anonymous_26)","decl":{"start":{"line":247,"column":23},"end":{"line":247,"column":24}},"loc":{"start":{"line":247,"column":75},"end":{"line":303,"column":1}}},"26":{"name":"resetPassword","decl":{"start":{"line":259,"column":4},"end":{"line":259,"column":26}},"loc":{"start":{"line":259,"column":41},"end":{"line":279,"column":5}}},"27":{"name":"(anonymous_28)","decl":{"start":{"line":263,"column":14},"end":{"line":263,"column":15}},"loc":{"start":{"line":263,"column":33},"end":{"line":278,"column":9}}},"28":{"name":"(anonymous_29)","decl":{"start":{"line":272,"column":20},"end":{"line":272,"column":21}},"loc":{"start":{"line":272,"column":40},"end":{"line":277,"column":11}}},"29":{"name":"(anonymous_30)","decl":{"start":{"line":274,"column":28},"end":{"line":274,"column":29}},"loc":{"start":{"line":274,"column":36},"end":{"line":276,"column":13}}},"30":{"name":"sendResetPasswordEmail","decl":{"start":{"line":280,"column":4},"end":{"line":280,"column":35}},"loc":{"start":{"line":280,"column":67},"end":{"line":298,"column":5}}},"31":{"name":"(anonymous_32)","decl":{"start":{"line":294,"column":40},"end":{"line":294,"column":41}},"loc":{"start":{"line":294,"column":48},"end":{"line":297,"column":7}}},"32":{"name":"(anonymous_33)","decl":{"start":{"line":299,"column":5},"end":{"line":299,"column":6}},"loc":{"start":{"line":299,"column":13},"end":{"line":302,"column":3}}},"33":{"name":"(anonymous_34)","decl":{"start":{"line":309,"column":23},"end":{"line":309,"column":24}},"loc":{"start":{"line":309,"column":55},"end":{"line":316,"column":1}}},"34":{"name":"(anonymous_35)","decl":{"start":{"line":322,"column":24},"end":{"line":322,"column":25}},"loc":{"start":{"line":322,"column":76},"end":{"line":380,"column":1}}},"35":{"name":"createRandomToken","decl":{"start":{"line":334,"column":4},"end":{"line":334,"column":30}},"loc":{"start":{"line":334,"column":45},"end":{"line":339,"column":5}}},"36":{"name":"(anonymous_37)","decl":{"start":{"line":335,"column":29},"end":{"line":335,"column":30}},"loc":{"start":{"line":335,"column":42},"end":{"line":338,"column":7}}},"37":{"name":"setRandomToken","decl":{"start":{"line":340,"column":4},"end":{"line":340,"column":27}},"loc":{"start":{"line":340,"column":60},"end":{"line":353,"column":5}}},"38":{"name":"(anonymous_39)","decl":{"start":{"line":341,"column":46},"end":{"line":341,"column":47}},"loc":{"start":{"line":341,"column":65},"end":{"line":352,"column":7}}},"39":{"name":"(anonymous_40)","decl":{"start":{"line":349,"column":18},"end":{"line":349,"column":19}},"loc":{"start":{"line":349,"column":38},"end":{"line":351,"column":9}}},"40":{"name":"sendForgotPasswordEmail","decl":{"start":{"line":354,"column":4},"end":{"line":354,"column":36}},"loc":{"start":{"line":354,"column":86},"end":{"line":375,"column":5}}},"41":{"name":"(anonymous_42)","decl":{"start":{"line":371,"column":40},"end":{"line":371,"column":41}},"loc":{"start":{"line":371,"column":48},"end":{"line":374,"column":7}}},"42":{"name":"(anonymous_43)","decl":{"start":{"line":376,"column":5},"end":{"line":376,"column":6}},"loc":{"start":{"line":376,"column":13},"end":{"line":379,"column":3}}}},"branchMap":{"0":{"loc":{"start":{"line":17,"column":2},"end":{"line":19,"column":3}},"type":"if","locations":[{"start":{"line":17,"column":2},"end":{"line":19,"column":3}},{"start":{"line":17,"column":2},"end":{"line":19,"column":3}}]},"1":{"loc":{"start":{"line":36,"column":2},"end":{"line":39,"column":3}},"type":"if","locations":[{"start":{"line":36,"column":2},"end":{"line":39,"column":3}},{"start":{"line":36,"column":2},"end":{"line":39,"column":3}}]},"2":{"loc":{"start":{"line":42,"column":4},"end":{"line":42,"column":34}},"type":"if","locations":[{"start":{"line":42,"column":4},"end":{"line":42,"column":34}},{"start":{"line":42,"column":4},"end":{"line":42,"column":34}}]},"3":{"loc":{"start":{"line":43,"column":4},"end":{"line":46,"column":5}},"type":"if","locations":[{"start":{"line":43,"column":4},"end":{"line":46,"column":5}},{"start":{"line":43,"column":4},"end":{"line":46,"column":5}}]},"4":{"loc":{"start":{"line":48,"column":6},"end":{"line":48,"column":36}},"type":"if","locations":[{"start":{"line":48,"column":6},"end":{"line":48,"column":36}},{"start":{"line":48,"column":6},"end":{"line":48,"column":36}}]},"5":{"loc":{"start":{"line":50,"column":19},"end":{"line":50,"column":39}},"type":"binary-expr","locations":[{"start":{"line":50,"column":19},"end":{"line":50,"column":39}},{"start":{"line":50,"column":43},"end":{"line":50,"column":46}}]},"6":{"loc":{"start":{"line":69,"column":2},"end":{"line":71,"column":3}},"type":"if","locations":[{"start":{"line":69,"column":2},"end":{"line":71,"column":3}},{"start":{"line":69,"column":2},"end":{"line":71,"column":3}}]},"7":{"loc":{"start":{"line":89,"column":2},"end":{"line":92,"column":3}},"type":"if","locations":[{"start":{"line":89,"column":2},"end":{"line":92,"column":3}},{"start":{"line":89,"column":2},"end":{"line":92,"column":3}}]},"8":{"loc":{"start":{"line":100,"column":4},"end":{"line":100,"column":34}},"type":"if","locations":[{"start":{"line":100,"column":4},"end":{"line":100,"column":34}},{"start":{"line":100,"column":4},"end":{"line":100,"column":34}}]},"9":{"loc":{"start":{"line":101,"column":4},"end":{"line":104,"column":5}},"type":"if","locations":[{"start":{"line":101,"column":4},"end":{"line":104,"column":5}},{"start":{"line":101,"column":4},"end":{"line":104,"column":5}}]},"10":{"loc":{"start":{"line":106,"column":6},"end":{"line":106,"column":36}},"type":"if","locations":[{"start":{"line":106,"column":6},"end":{"line":106,"column":36}},{"start":{"line":106,"column":6},"end":{"line":106,"column":36}}]},"11":{"loc":{"start":{"line":108,"column":8},"end":{"line":110,"column":9}},"type":"if","locations":[{"start":{"line":108,"column":8},"end":{"line":110,"column":9}},{"start":{"line":108,"column":8},"end":{"line":110,"column":9}}]},"12":{"loc":{"start":{"line":137,"column":2},"end":{"line":140,"column":3}},"type":"if","locations":[{"start":{"line":137,"column":2},"end":{"line":140,"column":3}},{"start":{"line":137,"column":2},"end":{"line":140,"column":3}}]},"13":{"loc":{"start":{"line":143,"column":4},"end":{"line":143,"column":34}},"type":"if","locations":[{"start":{"line":143,"column":4},"end":{"line":143,"column":34}},{"start":{"line":143,"column":4},"end":{"line":143,"column":34}}]},"14":{"loc":{"start":{"line":144,"column":17},"end":{"line":144,"column":31}},"type":"binary-expr","locations":[{"start":{"line":144,"column":17},"end":{"line":144,"column":31}},{"start":{"line":144,"column":35},"end":{"line":144,"column":37}}]},"15":{"loc":{"start":{"line":145,"column":24},"end":{"line":145,"column":37}},"type":"binary-expr","locations":[{"start":{"line":145,"column":24},"end":{"line":145,"column":37}},{"start":{"line":145,"column":41},"end":{"line":145,"column":43}}]},"16":{"loc":{"start":{"line":146,"column":26},"end":{"line":146,"column":41}},"type":"binary-expr","locations":[{"start":{"line":146,"column":26},"end":{"line":146,"column":41}},{"start":{"line":146,"column":45},"end":{"line":146,"column":47}}]},"17":{"loc":{"start":{"line":147,"column":28},"end":{"line":147,"column":45}},"type":"binary-expr","locations":[{"start":{"line":147,"column":28},"end":{"line":147,"column":45}},{"start":{"line":147,"column":49},"end":{"line":147,"column":51}}]},"18":{"loc":{"start":{"line":148,"column":27},"end":{"line":148,"column":43}},"type":"binary-expr","locations":[{"start":{"line":148,"column":27},"end":{"line":148,"column":43}},{"start":{"line":148,"column":47},"end":{"line":148,"column":49}}]},"19":{"loc":{"start":{"line":150,"column":6},"end":{"line":156,"column":7}},"type":"if","locations":[{"start":{"line":150,"column":6},"end":{"line":156,"column":7}},{"start":{"line":150,"column":6},"end":{"line":156,"column":7}}]},"20":{"loc":{"start":{"line":151,"column":8},"end":{"line":154,"column":9}},"type":"if","locations":[{"start":{"line":151,"column":8},"end":{"line":154,"column":9}},{"start":{"line":151,"column":8},"end":{"line":154,"column":9}}]},"21":{"loc":{"start":{"line":173,"column":2},"end":{"line":176,"column":3}},"type":"if","locations":[{"start":{"line":173,"column":2},"end":{"line":176,"column":3}},{"start":{"line":173,"column":2},"end":{"line":176,"column":3}}]},"22":{"loc":{"start":{"line":179,"column":4},"end":{"line":179,"column":34}},"type":"if","locations":[{"start":{"line":179,"column":4},"end":{"line":179,"column":34}},{"start":{"line":179,"column":4},"end":{"line":179,"column":34}}]},"23":{"loc":{"start":{"line":182,"column":6},"end":{"line":182,"column":36}},"type":"if","locations":[{"start":{"line":182,"column":6},"end":{"line":182,"column":36}},{"start":{"line":182,"column":6},"end":{"line":182,"column":36}}]},"24":{"loc":{"start":{"line":195,"column":4},"end":{"line":195,"column":34}},"type":"if","locations":[{"start":{"line":195,"column":4},"end":{"line":195,"column":34}},{"start":{"line":195,"column":4},"end":{"line":195,"column":34}}]},"25":{"loc":{"start":{"line":209,"column":4},"end":{"line":209,"column":34}},"type":"if","locations":[{"start":{"line":209,"column":4},"end":{"line":209,"column":34}},{"start":{"line":209,"column":4},"end":{"line":209,"column":34}}]},"26":{"loc":{"start":{"line":213,"column":6},"end":{"line":213,"column":36}},"type":"if","locations":[{"start":{"line":213,"column":6},"end":{"line":213,"column":36}},{"start":{"line":213,"column":6},"end":{"line":213,"column":36}}]},"27":{"loc":{"start":{"line":225,"column":2},"end":{"line":227,"column":3}},"type":"if","locations":[{"start":{"line":225,"column":2},"end":{"line":227,"column":3}},{"start":{"line":225,"column":2},"end":{"line":227,"column":3}}]},"28":{"loc":{"start":{"line":232,"column":6},"end":{"line":232,"column":36}},"type":"if","locations":[{"start":{"line":232,"column":6},"end":{"line":232,"column":36}},{"start":{"line":232,"column":6},"end":{"line":232,"column":36}}]},"29":{"loc":{"start":{"line":233,"column":6},"end":{"line":236,"column":7}},"type":"if","locations":[{"start":{"line":233,"column":6},"end":{"line":236,"column":7}},{"start":{"line":233,"column":6},"end":{"line":236,"column":7}}]},"30":{"loc":{"start":{"line":253,"column":2},"end":{"line":256,"column":3}},"type":"if","locations":[{"start":{"line":253,"column":2},"end":{"line":256,"column":3}},{"start":{"line":253,"column":2},"end":{"line":256,"column":3}}]},"31":{"loc":{"start":{"line":264,"column":10},"end":{"line":264,"column":40}},"type":"if","locations":[{"start":{"line":264,"column":10},"end":{"line":264,"column":40}},{"start":{"line":264,"column":10},"end":{"line":264,"column":40}}]},"32":{"loc":{"start":{"line":265,"column":10},"end":{"line":268,"column":11}},"type":"if","locations":[{"start":{"line":265,"column":10},"end":{"line":268,"column":11}},{"start":{"line":265,"column":10},"end":{"line":268,"column":11}}]},"33":{"loc":{"start":{"line":273,"column":12},"end":{"line":273,"column":42}},"type":"if","locations":[{"start":{"line":273,"column":12},"end":{"line":273,"column":42}},{"start":{"line":273,"column":12},"end":{"line":273,"column":42}}]},"34":{"loc":{"start":{"line":300,"column":4},"end":{"line":300,"column":34}},"type":"if","locations":[{"start":{"line":300,"column":4},"end":{"line":300,"column":34}},{"start":{"line":300,"column":4},"end":{"line":300,"column":34}}]},"35":{"loc":{"start":{"line":310,"column":2},"end":{"line":312,"column":3}},"type":"if","locations":[{"start":{"line":310,"column":2},"end":{"line":312,"column":3}},{"start":{"line":310,"column":2},"end":{"line":312,"column":3}}]},"36":{"loc":{"start":{"line":328,"column":2},"end":{"line":331,"column":3}},"type":"if","locations":[{"start":{"line":328,"column":2},"end":{"line":331,"column":3}},{"start":{"line":328,"column":2},"end":{"line":331,"column":3}}]},"37":{"loc":{"start":{"line":342,"column":8},"end":{"line":342,"column":38}},"type":"if","locations":[{"start":{"line":342,"column":8},"end":{"line":342,"column":38}},{"start":{"line":342,"column":8},"end":{"line":342,"column":38}}]},"38":{"loc":{"start":{"line":343,"column":8},"end":{"line":346,"column":9}},"type":"if","locations":[{"start":{"line":343,"column":8},"end":{"line":346,"column":9}},{"start":{"line":343,"column":8},"end":{"line":346,"column":9}}]},"39":{"loc":{"start":{"line":377,"column":4},"end":{"line":377,"column":34}},"type":"if","locations":[{"start":{"line":377,"column":4},"end":{"line":377,"column":34}},{"start":{"line":377,"column":4},"end":{"line":377,"column":34}}]}},"s":{"0":5,"1":5,"2":5,"3":5,"4":5,"5":5,"6":5,"7":1,"8":0,"9":1,"10":5,"11":1,"12":1,"13":1,"14":1,"15":1,"16":1,"17":1,"18":0,"19":0,"20":0,"21":0,"22":0,"23":0,"24":0,"25":0,"26":0,"27":0,"28":0,"29":5,"30":0,"31":0,"32":5,"33":1,"34":0,"35":1,"36":5,"37":0,"38":0,"39":0,"40":0,"41":0,"42":0,"43":0,"44":0,"45":0,"46":0,"47":0,"48":0,"49":0,"50":0,"51":0,"52":0,"53":0,"54":0,"55":0,"56":0,"57":0,"58":0,"59":5,"60":0,"61":5,"62":0,"63":0,"64":0,"65":0,"66":0,"67":0,"68":0,"69":0,"70":0,"71":0,"72":0,"73":0,"74":0,"75":0,"76":0,"77":0,"78":0,"79":0,"80":0,"81":0,"82":0,"83":0,"84":5,"85":0,"86":0,"87":0,"88":0,"89":0,"90":0,"91":0,"92":0,"93":0,"94":0,"95":0,"96":0,"97":0,"98":0,"99":0,"100":5,"101":0,"102":0,"103":0,"104":0,"105":0,"106":0,"107":5,"108":0,"109":0,"110":0,"111":0,"112":0,"113":0,"114":0,"115":0,"116":0,"117":0,"118":0,"119":0,"120":5,"121":0,"122":0,"123":0,"124":0,"125":0,"126":0,"127":0,"128":0,"129":0,"130":5,"131":0,"132":0,"133":0,"134":0,"135":0,"136":0,"137":0,"138":0,"139":0,"140":0,"141":0,"142":0,"143":0,"144":0,"145":0,"146":0,"147":0,"148":0,"149":0,"150":0,"151":0,"152":0,"153":0,"154":0,"155":0,"156":0,"157":0,"158":0,"159":0,"160":5,"161":0,"162":0,"163":0,"164":5,"165":0,"166":0,"167":0,"168":0,"169":0,"170":0,"171":0,"172":0,"173":0,"174":0,"175":0,"176":0,"177":0,"178":0,"179":0,"180":0,"181":0,"182":0,"183":0,"184":0,"185":0,"186":0,"187":0,"188":0,"189":0,"190":0,"191":0,"192":0},"f":{"0":1,"1":1,"2":0,"3":0,"4":0,"5":1,"6":0,"7":0,"8":0,"9":0,"10":0,"11":0,"12":0,"13":0,"14":0,"15":0,"16":0,"17":0,"18":0,"19":0,"20":0,"21":0,"22":0,"23":0,"24":0,"25":0,"26":0,"27":0,"28":0,"29":0,"30":0,"31":0,"32":0,"33":0,"34":0,"35":0,"36":0,"37":0,"38":0,"39":0,"40":0,"41":0,"42":0},"b":{"0":[0,1],"1":[1,0],"2":[0,0],"3":[0,0],"4":[0,0],"5":[0,0],"6":[0,1],"7":[0,0],"8":[0,0],"9":[0,0],"10":[0,0],"11":[0,0],"12":[0,0],"13":[0,0],"14":[0,0],"15":[0,0],"16":[0,0],"17":[0,0],"18":[0,0],"19":[0,0],"20":[0,0],"21":[0,0],"22":[0,0],"23":[0,0],"24":[0,0],"25":[0,0],"26":[0,0],"27":[0,0],"28":[0,0],"29":[0,0],"30":[0,0],"31":[0,0],"32":[0,0],"33":[0,0],"34":[0,0],"35":[0,0],"36":[0,0],"37":[0,0],"38":[0,0],"39":[0,0]}}
,"/Users/sihwan/Documents/WORKS/OptimizeTeam/Devs/server-side/mainapp_original/src/models/User.ts": {"path":"/Users/sihwan/Documents/WORKS/OptimizeTeam/Devs/server-side/mainapp_original/src/models/User.ts","statementMap":{"0":{"start":{"line":1,"column":0},"end":{"line":1,"column":34}},"1":{"start":{"line":2,"column":0},"end":{"line":2,"column":27}},"2":{"start":{"line":3,"column":0},"end":{"line":3,"column":31}},"3":{"start":{"line":31,"column":19},"end":{"line":49,"column":24}},"4":{"start":{"line":54,"column":0},"end":{"line":65,"column":3}},"5":{"start":{"line":55,"column":15},"end":{"line":55,"column":19}},"6":{"start":{"line":56,"column":2},"end":{"line":56,"column":54}},"7":{"start":{"line":56,"column":38},"end":{"line":56,"column":52}},"8":{"start":{"line":57,"column":2},"end":{"line":64,"column":5}},"9":{"start":{"line":58,"column":4},"end":{"line":58,"column":34}},"10":{"start":{"line":58,"column":15},"end":{"line":58,"column":32}},"11":{"start":{"line":59,"column":4},"end":{"line":63,"column":7}},"12":{"start":{"line":60,"column":6},"end":{"line":60,"column":36}},"13":{"start":{"line":60,"column":17},"end":{"line":60,"column":34}},"14":{"start":{"line":61,"column":6},"end":{"line":61,"column":27}},"15":{"start":{"line":62,"column":6},"end":{"line":62,"column":13}},"16":{"start":{"line":67,"column":0},"end":{"line":71,"column":2}},"17":{"start":{"line":68,"column":2},"end":{"line":70,"column":5}},"18":{"start":{"line":69,"column":4},"end":{"line":69,"column":21}},"19":{"start":{"line":77,"column":0},"end":{"line":86,"column":2}},"20":{"start":{"line":78,"column":2},"end":{"line":80,"column":3}},"21":{"start":{"line":79,"column":4},"end":{"line":79,"column":15}},"22":{"start":{"line":81,"column":2},"end":{"line":83,"column":3}},"23":{"start":{"line":82,"column":4},"end":{"line":82,"column":60}},"24":{"start":{"line":84,"column":14},"end":{"line":84,"column":71}},"25":{"start":{"line":85,"column":2},"end":{"line":85,"column":64}},"26":{"start":{"line":89,"column":13},"end":{"line":89,"column":47}},"27":{"start":{"line":90,"column":0},"end":{"line":90,"column":20}}},"fnMap":{"0":{"name":"save","decl":{"start":{"line":54,"column":23},"end":{"line":54,"column":36}},"loc":{"start":{"line":54,"column":41},"end":{"line":65,"column":1}}},"1":{"name":"(anonymous_2)","decl":{"start":{"line":57,"column":21},"end":{"line":57,"column":22}},"loc":{"start":{"line":57,"column":35},"end":{"line":64,"column":3}}},"2":{"name":"(anonymous_3)","decl":{"start":{"line":59,"column":48},"end":{"line":59,"column":49}},"loc":{"start":{"line":59,"column":78},"end":{"line":63,"column":5}}},"3":{"name":"(anonymous_4)","decl":{"start":{"line":67,"column":37},"end":{"line":67,"column":46}},"loc":{"start":{"line":67,"column":108},"end":{"line":71,"column":1}}},"4":{"name":"(anonymous_5)","decl":{"start":{"line":68,"column":51},"end":{"line":68,"column":52}},"loc":{"start":{"line":68,"column":93},"end":{"line":70,"column":3}}},"5":{"name":"(anonymous_6)","decl":{"start":{"line":77,"column":30},"end":{"line":77,"column":39}},"loc":{"start":{"line":77,"column":52},"end":{"line":86,"column":1}}}},"branchMap":{"0":{"loc":{"start":{"line":56,"column":2},"end":{"line":56,"column":54}},"type":"if","locations":[{"start":{"line":56,"column":2},"end":{"line":56,"column":54}},{"start":{"line":56,"column":2},"end":{"line":56,"column":54}}]},"1":{"loc":{"start":{"line":58,"column":4},"end":{"line":58,"column":34}},"type":"if","locations":[{"start":{"line":58,"column":4},"end":{"line":58,"column":34}},{"start":{"line":58,"column":4},"end":{"line":58,"column":34}}]},"2":{"loc":{"start":{"line":60,"column":6},"end":{"line":60,"column":36}},"type":"if","locations":[{"start":{"line":60,"column":6},"end":{"line":60,"column":36}},{"start":{"line":60,"column":6},"end":{"line":60,"column":36}}]},"3":{"loc":{"start":{"line":78,"column":2},"end":{"line":80,"column":3}},"type":"if","locations":[{"start":{"line":78,"column":2},"end":{"line":80,"column":3}},{"start":{"line":78,"column":2},"end":{"line":80,"column":3}}]},"4":{"loc":{"start":{"line":81,"column":2},"end":{"line":83,"column":3}},"type":"if","locations":[{"start":{"line":81,"column":2},"end":{"line":83,"column":3}},{"start":{"line":81,"column":2},"end":{"line":83,"column":3}}]}},"s":{"0":5,"1":5,"2":5,"3":5,"4":5,"5":0,"6":0,"7":0,"8":0,"9":0,"10":0,"11":0,"12":0,"13":0,"14":0,"15":0,"16":5,"17":0,"18":0,"19":5,"20":0,"21":0,"22":0,"23":0,"24":0,"25":0,"26":5,"27":5},"f":{"0":0,"1":0,"2":0,"3":0,"4":0,"5":0},"b":{"0":[0,0],"1":[0,0],"2":[0,0],"3":[0,0],"4":[0,0]}}
}
